<?xml version="1.0" encoding="UTF-8"?>
<!-- Generated by org.testng.reporters.JUnitReportReporter -->
<testsuite hostname="Sasi" failures="0" tests="3" name="TestNg.DataProviders" time="56.418" errors="0" timestamp="2023-10-06T20:38:15 IST" skipped="0">
  <testcase classname="TestNg.DataProviders" name="facebook" time="47.085"/>
  <testcase classname="TestNg.DataProviders" name="facebook" time="4.424"/>
  <testcase classname="TestNg.DataProviders" name="facebook" time="4.909"/>
</testsuite> <!-- TestNg.DataProviders -->
