<?xml version="1.0" encoding="UTF-8"?>
<!-- Generated by org.testng.reporters.JUnitReportReporter -->
<testsuite hostname="Sasi" failures="0" tests="3" name="TestNg.Annotations" time="78.917" errors="0" timestamp="2023-10-06T19:36:00 IST" skipped="0">
  <testcase classname="TestNg.Annotations" name="amazon" time="48.282"/>
  <testcase classname="TestNg.Annotations" name="facebook" time="4.244"/>
  <testcase classname="TestNg.Annotations" name="snapdeal" time="26.391"/>
</testsuite> <!-- TestNg.Annotations -->
