<?xml version="1.0" encoding="UTF-8"?>
<!-- Generated by org.testng.reporters.JUnitReportReporter -->
<testsuite hostname="Sasi" failures="0" tests="2" name="TestNG_Parallel.facebook_Compatability" time="7.575" errors="0" timestamp="2023-10-05T19:56:56 IST" skipped="0">
  <testcase classname="TestNG_Parallel.facebook_Compatability" name="fbc" time="2.460"/>
  <testcase classname="TestNG_Parallel.facebook_Compatability" name="fbc" time="5.115"/>
</testsuite> <!-- TestNG_Parallel.facebook_Compatability -->
