<?xml version="1.0" encoding="UTF-8"?>
<!-- Generated by org.testng.reporters.JUnitReportReporter -->
<testsuite hostname="Sasi" failures="0" tests="1" name="TestNG_Parallel.amazon" time="8.428" errors="0" timestamp="2023-10-05T19:32:58 IST" skipped="0">
  <testcase classname="TestNG_Parallel.amazon" name="amz" time="8.428"/>
</testsuite> <!-- TestNG_Parallel.amazon -->
