<?xml version="1.0" encoding="UTF-8"?>
<!-- Generated by org.testng.reporters.JUnitReportReporter -->
<testsuite hostname="Sasi" failures="0" tests="1" name="TestNG_Parallel.facebook" time="9.883" errors="0" timestamp="2023-10-05T19:32:58 IST" skipped="0">
  <testcase classname="TestNG_Parallel.facebook" name="fb" time="9.883"/>
</testsuite> <!-- TestNG_Parallel.facebook -->
