<?xml version="1.0" encoding="UTF-8"?>
<!-- Generated by org.testng.reporters.JUnitReportReporter -->
<testsuite hostname="Sasi" failures="0" tests="9" name="TestNg.Priority_invocation_Enabled" time="0.023" errors="0" timestamp="2023-10-04T20:17:42 IST" skipped="0">
  <testcase classname="TestNg.Priority_invocation_Enabled" name="demo3" time="0.002"/>
  <testcase classname="TestNg.Priority_invocation_Enabled" name="demo3" time="0.002"/>
  <testcase classname="TestNg.Priority_invocation_Enabled" name="demo3" time="0.010"/>
  <testcase classname="TestNg.Priority_invocation_Enabled" name="demo3" time="0.001"/>
  <testcase classname="TestNg.Priority_invocation_Enabled" name="demo2" time="0.001"/>
  <testcase classname="TestNg.Priority_invocation_Enabled" name="demo2" time="0.001"/>
  <testcase classname="TestNg.Priority_invocation_Enabled" name="demo2" time="0.002"/>
  <testcase classname="TestNg.Priority_invocation_Enabled" name="demo1" time="0.001"/>
  <testcase classname="TestNg.Priority_invocation_Enabled" name="demo1" time="0.003"/>
</testsuite> <!-- TestNg.Priority_invocation_Enabled -->
