<?xml version="1.0" encoding="UTF-8"?>
<!-- Generated by org.testng.reporters.JUnitReportReporter -->
<testsuite hostname="Sasi" failures="0" tests="1" name="TestNG_Failling.Amazon" time="4.585" errors="0" timestamp="2023-10-06T20:05:05 IST" skipped="0">
  <testcase classname="TestNG_Failling.Amazon" name="amz" time="4.585"/>
</testsuite> <!-- TestNG_Failling.Amazon -->
