<?xml version="1.0" encoding="UTF-8"?>
<!-- Generated by org.testng.reporters.JUnitReportReporter -->
<testsuite hostname="Sasi" failures="0" tests="1" name="TestNG_Failling.Facebook" time="4.613" errors="0" timestamp="2023-10-06T20:07:54 IST" skipped="0">
  <testcase classname="TestNG_Failling.Facebook" name="fb" time="4.613"/>
</testsuite> <!-- TestNG_Failling.Facebook -->
