<?xml version="1.0" encoding="UTF-8"?>
<!-- Generated by org.testng.reporters.JUnitReportReporter -->
<testsuite hostname="Sasi" failures="0" tests="2" name="TestNG_Group.Sample2" time="0.012" errors="0" timestamp="2023-10-05T20:51:31 IST" skipped="0">
  <testcase classname="TestNG_Group.Sample2" name="demo6" time="0.001"/>
  <testcase classname="TestNG_Group.Sample2" name="demo4" time="0.011"/>
</testsuite> <!-- TestNG_Group.Sample2 -->
