<?xml version="1.0" encoding="UTF-8"?>
<!-- Generated by org.testng.reporters.JUnitReportReporter -->
<testsuite hostname="Sasi" failures="0" tests="1" name="TestNG_Sequential.facebook" time="5.685" errors="0" timestamp="2023-10-04T20:34:44 IST" skipped="0">
  <testcase classname="TestNG_Sequential.facebook" name="fb" time="5.685"/>
</testsuite> <!-- TestNG_Sequential.facebook -->
